<?xml version="1.0" encoding="UTF-8"?>
<!-- Generated by org.testng.reporters.JUnitXMLReporter -->
<testsuite ignored="0" hostname="DESKTOP-C2J8233" failures="0" tests="0" time="0.0" errors="0" timestamp="2022-08-18T12:07:42 CDT">
  <testcase classname="com.testing.app.UserRegistry" name="@BeforeSuite configSuite" time="0.029">
    <failure type="java.lang.Error" message="Unresolved compilation problems: 
	path_to_addblock cannot be resolved
	driver cannot be resolved to a variable
">
      <![CDATA[java.lang.Error: Unresolved compilation problems: 
path_to_addblock cannot be resolved
driver cannot be resolved to a variable

at com.testing.app.UserRegistry.configSuite(UserRegistry.java:23)
... Removed 23 stack frames]]>
    </failure>
  </testcase> <!-- @BeforeSuite configSuite -->
</testsuite>
