<?xml version="1.0" encoding="UTF-8"?>
<testng-results ignored="0" total="1" passed="0" failed="0" skipped="1">
  <reporter-output>
  </reporter-output>
  <suite started-at="2022-08-18T12:07:42 CDT" name="E-commerce platform" finished-at="2022-08-18T12:07:42 CDT" duration-ms="189">
    <groups>
    </groups>
    <test started-at="2022-08-18T12:07:42 CDT" name="User registry" finished-at="2022-08-18T12:07:42 CDT" duration-ms="59">
      <class name="com.testing.app.UserRegistry">
        <test-method signature="shouldAnswerWithTrue()[pri:0, instance:com.testing.app.UserRegistry@3c419631]" started-at="2022-08-18T12:07:42 CDT" name="shouldAnswerWithTrue" finished-at="2022-08-18T12:07:42 CDT" duration-ms="0" status="SKIP">
          <exception class="java.lang.Error">
            <message>
              <![CDATA[Unresolved compilation problems: 
path_to_addblock cannot be resolved
driver cannot be resolved to a variable
]]>
            </message>
            <full-stacktrace>
              <![CDATA[java.lang.Error: Unresolved compilation problems: 
path_to_addblock cannot be resolved
driver cannot be resolved to a variable

at com.testing.app.UserRegistry.configSuite(UserRegistry.java:23)
at java.base/jdk.internal.reflect.NativeMethodAccessorImpl.invoke0(Native Method)
at java.base/jdk.internal.reflect.NativeMethodAccessorImpl.invoke(NativeMethodAccessorImpl.java:77)
at java.base/jdk.internal.reflect.DelegatingMethodAccessorImpl.invoke(DelegatingMethodAccessorImpl.java:43)
at java.base/java.lang.reflect.Method.invoke(Method.java:568)
at org.testng.internal.invokers.MethodInvocationHelper.invokeMethod(MethodInvocationHelper.java:139)
at org.testng.internal.invokers.MethodInvocationHelper.invokeMethodConsideringTimeout(MethodInvocationHelper.java:69)
at org.testng.internal.invokers.ConfigInvoker.invokeConfigurationMethod(ConfigInvoker.java:361)
at org.testng.internal.invokers.ConfigInvoker.invokeConfigurations(ConfigInvoker.java:296)
at org.testng.SuiteRunner.privateRun(SuiteRunner.java:372)
at org.testng.SuiteRunner.run(SuiteRunner.java:330)
at org.testng.SuiteRunnerWorker.runSuite(SuiteRunnerWorker.java:52)
at org.testng.SuiteRunnerWorker.run(SuiteRunnerWorker.java:95)
at org.testng.TestNG.runSuitesSequentially(TestNG.java:1256)
at org.testng.TestNG.runSuitesLocally(TestNG.java:1176)
at org.testng.TestNG.runSuites(TestNG.java:1099)
at org.testng.TestNG.run(TestNG.java:1067)
at org.apache.maven.surefire.testng.TestNGExecutor.run(TestNGExecutor.java:283)
at org.apache.maven.surefire.testng.TestNGXmlTestSuite.execute(TestNGXmlTestSuite.java:75)
at org.apache.maven.surefire.testng.TestNGProvider.invoke(TestNGProvider.java:120)
at org.apache.maven.surefire.booter.ForkedBooter.invokeProviderInSameClassLoader(ForkedBooter.java:384)
at org.apache.maven.surefire.booter.ForkedBooter.runSuitesInProcess(ForkedBooter.java:345)
at org.apache.maven.surefire.booter.ForkedBooter.execute(ForkedBooter.java:126)
at org.apache.maven.surefire.booter.ForkedBooter.main(ForkedBooter.java:418)
]]>
            </full-stacktrace>
          </exception> <!-- java.lang.Error -->
          <reporter-output>
          </reporter-output>
        </test-method> <!-- shouldAnswerWithTrue -->
      </class> <!-- com.testing.app.UserRegistry -->
    </test> <!-- User registry -->
    <test started-at="2022-08-18T12:07:42 CDT" name="User login" finished-at="2022-08-18T12:07:42 CDT" duration-ms="1">
    </test> <!-- User login -->
    <test started-at="2022-08-18T12:07:42 CDT" name="User navigation" finished-at="2022-08-18T12:07:42 CDT" duration-ms="0">
    </test> <!-- User navigation -->
    <test started-at="2022-08-18T12:07:42 CDT" name="Scroll test" finished-at="2022-08-18T12:07:42 CDT" duration-ms="0">
    </test> <!-- Scroll test -->
    <test started-at="2022-08-18T12:07:42 CDT" name="Product search" finished-at="2022-08-18T12:07:42 CDT" duration-ms="0">
    </test> <!-- Product search -->
    <test started-at="2022-08-18T12:07:42 CDT" name="Add to cart" finished-at="2022-08-18T12:07:42 CDT" duration-ms="0">
    </test> <!-- Add to cart -->
    <test started-at="2022-08-18T12:07:42 CDT" name="Buy" finished-at="2022-08-18T12:07:42 CDT" duration-ms="0">
      <class name="com.testing.app.UserRegistry">
        <test-method is-config="true" signature="configSuite()[pri:0, instance:com.testing.app.UserRegistry@3c419631]" started-at="2022-08-18T12:07:42 CDT" name="configSuite" finished-at="2022-08-18T12:07:42 CDT" duration-ms="29" status="FAIL">
          <exception class="java.lang.Error">
            <message>
              <![CDATA[Unresolved compilation problems: 
path_to_addblock cannot be resolved
driver cannot be resolved to a variable
]]>
            </message>
            <full-stacktrace>
              <![CDATA[java.lang.Error: Unresolved compilation problems: 
path_to_addblock cannot be resolved
driver cannot be resolved to a variable

at com.testing.app.UserRegistry.configSuite(UserRegistry.java:23)
at java.base/jdk.internal.reflect.NativeMethodAccessorImpl.invoke0(Native Method)
at java.base/jdk.internal.reflect.NativeMethodAccessorImpl.invoke(NativeMethodAccessorImpl.java:77)
at java.base/jdk.internal.reflect.DelegatingMethodAccessorImpl.invoke(DelegatingMethodAccessorImpl.java:43)
at java.base/java.lang.reflect.Method.invoke(Method.java:568)
at org.testng.internal.invokers.MethodInvocationHelper.invokeMethod(MethodInvocationHelper.java:139)
at org.testng.internal.invokers.MethodInvocationHelper.invokeMethodConsideringTimeout(MethodInvocationHelper.java:69)
at org.testng.internal.invokers.ConfigInvoker.invokeConfigurationMethod(ConfigInvoker.java:361)
at org.testng.internal.invokers.ConfigInvoker.invokeConfigurations(ConfigInvoker.java:296)
at org.testng.SuiteRunner.privateRun(SuiteRunner.java:372)
at org.testng.SuiteRunner.run(SuiteRunner.java:330)
at org.testng.SuiteRunnerWorker.runSuite(SuiteRunnerWorker.java:52)
at org.testng.SuiteRunnerWorker.run(SuiteRunnerWorker.java:95)
at org.testng.TestNG.runSuitesSequentially(TestNG.java:1256)
at org.testng.TestNG.runSuitesLocally(TestNG.java:1176)
at org.testng.TestNG.runSuites(TestNG.java:1099)
at org.testng.TestNG.run(TestNG.java:1067)
at org.apache.maven.surefire.testng.TestNGExecutor.run(TestNGExecutor.java:283)
at org.apache.maven.surefire.testng.TestNGXmlTestSuite.execute(TestNGXmlTestSuite.java:75)
at org.apache.maven.surefire.testng.TestNGProvider.invoke(TestNGProvider.java:120)
at org.apache.maven.surefire.booter.ForkedBooter.invokeProviderInSameClassLoader(ForkedBooter.java:384)
at org.apache.maven.surefire.booter.ForkedBooter.runSuitesInProcess(ForkedBooter.java:345)
at org.apache.maven.surefire.booter.ForkedBooter.execute(ForkedBooter.java:126)
at org.apache.maven.surefire.booter.ForkedBooter.main(ForkedBooter.java:418)
]]>
            </full-stacktrace>
          </exception> <!-- java.lang.Error -->
          <reporter-output>
          </reporter-output>
        </test-method> <!-- configSuite -->
      </class> <!-- com.testing.app.UserRegistry -->
    </test> <!-- Buy -->
  </suite> <!-- E-commerce platform -->
</testng-results>
